<?xml version="1.0" encoding="UTF-8" ?>
<testsuite errors="0" failures="0" hostname="prat0318" name="original.MainTest" tests="2" time="0.172" timestamp="2013-10-02T09:07:30">
  <properties>
    <property name="netbeans.autoupdate.country" value="US" />
    <property name="nb.wait.for.caches" value="true" />
    <property name="javac.test.classpath" value="/Users/gnanda/batory-fop/P3/junit-4.10.jar:junit-4.10.jar:regressionTest.jar:build/classes:/home/prat0318/netbeans-7.3.1/platform/modules/ext/junit-4.10.jar:/home/prat0318/Downloads/regressionTest.jar:/Users/gnanda/batory-fop/P3/regressionTest.jar" />
    <property name="libs.junit.javadoc" value="/home/prat0318/netbeans-7.3.1/java/docs/junit-3.8.2-api.zip" />
    <property name="ant.core.lib" value="/home/prat0318/netbeans-7.3.1/java/ant/lib/ant.jar" />
    <property name="javadoc.windowtitle" value="" />
    <property name="user.dir" value="/home/prat0318/Documents/courses/FOP/fop/P4/q2/conf1" />
    <property name="libs.hibernate-persistence.javadoc" value="" />
    <property name="java.vm.version" value="23.7-b01" />
    <property name="libs.MySQLDriver.classpath" value="/home/prat0318/netbeans-7.3.1/ide/modules/ext/mysql-connector-java-5.1.23-bin.jar" />
    <property name="libs.eclipselinkmodelgen.src" value="" />
    <property name="javadoc.notree" value="false" />
    <property name="netbeans.autoupdate.version" value="1.23" />
    <property name="libs.hibernate-support.maven-pom" value="" />
    <property name="libs.hibernate-support.javadoc" value="" />
    <property name="jdk.home" value="/usr/lib/jvm/default-java" />
    <property name="libs.javac-api.src" value="" />
    <property name="javadoc.noindex" value="false" />
    <property name="sun.os.patch.level" value="unknown" />
    <property name="do.archive+manifest.available" value="true" />
    <property name="java.vm.specification.name" value="Java Virtual Machine Specification" />
    <property name="nb.show.statistics.ui" value="usageStatisticsEnabled" />
    <property name="netbeans.autoupdate.variant" value="" />
    <property name="have.tests" value="true" />
    <property name="org.xml.sax.driver" value="com.sun.org.apache.xerces.internal.jaxp.SAXParserImpl$JAXPSAXParser" />
    <property name="libs.javac-api.javadoc" value="" />
    <property name="os.name" value="Linux" />
    <property name="libs.beans-binding.classpath" value="/home/prat0318/netbeans-7.3.1/java/modules/ext/beansbinding-1.2.1.jar" />
    <property name="ap.proc.none.internal" value="" />
    <property name="file.reference.junit-4.10.jar-1" value="junit-4.10.jar" />
    <property name="libs.JWSAntTasks.maven-pom" value="" />
    <property name="jnlp.signing.keystore" value="" />
    <property name="libs.testng.src" value="" />
    <property name="file.reference.RegressionTest.jar" value="/home/prat0318/Downloads/regressionTest.jar" />
    <property name="java.vendor.url.bug" value="http://bugreport.sun.com/bugreport/" />
    <property name="libs.jaxb.maven-pom" value="" />
    <property name="os.arch" value="i386" />
    <property name="libs.eclipselink.src" value="" />
    <property name="user.name" value="prat0318" />
    <property name="copylibs.rebase" value="true" />
    <property name="manifest.available+main.class" value="true" />
    <property name="libs.swing-layout.maven-pom" value="" />
    <property name="sun.java.command" value="org.apache.tools.ant.taskdefs.optional.junit.JUnitTestRunner original.MainTest filtertrace=true haltOnError=false haltOnFailure=false showoutput=true outputtoformatters=true logfailedtests=true logtestlistenerevents=true formatter=org.apache.tools.ant.taskdefs.optional.junit.BriefJUnitResultFormatter formatter=org.apache.tools.ant.taskdefs.optional.junit.XMLJUnitResultFormatter,/home/prat0318/Documents/courses/FOP/fop/P4/q2/conf1/build/test/results/TEST-original.MainTest.xml crashfile=/home/prat0318/Documents/courses/FOP/fop/P4/q2/conf1/build/junitvmwatcher196316293424431646.properties propsfile=/home/prat0318/Documents/courses/FOP/fop/P4/q2/conf1/build/junit2877111167005425499.properties" />
    <property name="build.classes.dir" value="build/classes" />
    <property name="netbeans.accept_license_class" value="org.netbeans.license.AcceptLicense" />
    <property name="jnlp.descriptor" value="application" />
    <property name="build.sysclasspath" value="ignore" />
    <property name="ap.supported.internal" value="true" />
    <property name="libs.jaxws21.javadoc" value="/home/prat0318/netbeans-7.3.1/java/docs/jaxws-api-doc.zip" />
    <property name="includes" value="**" />
    <property name="user.country" value="US" />
    <property name="manifest.file" value="manifest.mf" />
    <property name="javadoc.encoding" value="UTF-8" />
    <property name="javac.classpath" value="/Users/gnanda/batory-fop/P3/junit-4.10.jar:junit-4.10.jar:regressionTest.jar" />
    <property name="debug-transport" value="dt_socket" />
    <property name="netbeans.system_http_non_proxy_hosts" value="" />
    <property name="netbeans.home" value="/home/prat0318/netbeans-7.3.1/platform" />
    <property name="build.compiler.emacs" value="true" />
    <property name="libs.ejb3-persistence.src" value="" />
    <property name="java.endorsed.dirs" value="/usr/lib/jvm/java-7-openjdk-i386/jre/lib/endorsed" />
    <property name="netbeans.dynamic.classpath" value="/home/prat0318/netbeans-7.3.1/platform/core/org-openide-filesystems.jar:/home/prat0318/netbeans-7.3.1/platform/core/core.jar:/home/prat0318/netbeans-7.3.1/platform/core/locale/core_zh_CN.jar:/home/prat0318/netbeans-7.3.1/platform/core/locale/org-openide-filesystems_zh_CN.jar:/home/prat0318/netbeans-7.3.1/platform/core/locale/core_pt_BR.jar:/home/prat0318/netbeans-7.3.1/platform/core/locale/core_ja.jar:/home/prat0318/netbeans-7.3.1/platform/core/locale/org-openide-filesystems_ru.jar:/home/prat0318/netbeans-7.3.1/platform/core/locale/core_ru.jar:/home/prat0318/netbeans-7.3.1/platform/core/locale/org-openide-filesystems_ja.jar:/home/prat0318/netbeans-7.3.1/platform/core/locale/org-openide-filesystems_pt_BR.jar:/home/prat0318/netbeans-7.3.1/nb/core/org-netbeans-upgrader.jar:/home/prat0318/netbeans-7.3.1/nb/core/locale/org-netbeans-upgrader_pt_BR.jar:/home/prat0318/netbeans-7.3.1/nb/core/locale/org-netbeans-upgrader_ja.jar:/home/prat0318/netbeans-7.3.1/nb/core/locale/core_nb.jar:/home/prat0318/netbeans-7.3.1/nb/core/locale/org-netbeans-upgrader_zh_CN.jar:/home/prat0318/netbeans-7.3.1/nb/core/locale/org-netbeans-upgrader_ru.jar" />
    <property name="jnlp.enabled" value="false" />
    <property name="java.vm.specification.version" value="1.7" />
    <property name="netbeans.productversion" value="NetBeans IDE 7.3.1 (Build 201306052037)" />
    <property name="libs.hibernate-persistence.classpath" value="/home/prat0318/netbeans-7.3.1/java/modules/ext/hibernate/antlr-2.7.6.jar:/home/prat0318/netbeans-7.3.1/java/modules/ext/hibernate/asm.jar:/home/prat0318/netbeans-7.3.1/java/modules/ext/hibernate/asm-attrs.jar:/home/prat0318/netbeans-7.3.1/java/modules/ext/hibernate/cglib-2.1.3.jar:/home/prat0318/netbeans-7.3.1/java/modules/ext/hibernate/commons-collections-2.1.1.jar:/home/prat0318/netbeans-7.3.1/ide/modules/org-apache-commons-logging.jar:/home/prat0318/netbeans-7.3.1/java/modules/ext/hibernate/dom4j-1.6.1.jar:/home/prat0318/netbeans-7.3.1/java/modules/ext/hibernate/ehcache-1.2.3.jar:/home/prat0318/netbeans-7.3.1/java/modules/ext/hibernate/jdbc2_0-stdext.jar:/home/prat0318/netbeans-7.3.1/java/modules/ext/hibernate/jta.jar:/home/prat0318/netbeans-7.3.1/java/modules/ext/hibernate/hibernate3.jar:/home/prat0318/netbeans-7.3.1/java/modules/ext/hibernate/hibernate-tools.jar:/home/prat0318/netbeans-7.3.1/java/modules/ext/hibernate/hibernate-annotations.jar:/home/prat0318/netbeans-7.3.1/java/modules/ext/hibernate/hibernate-commons-annotations.jar:/home/prat0318/netbeans-7.3.1/java/modules/ext/hibernate/hibernate-entitymanager.jar:/home/prat0318/netbeans-7.3.1/java/modules/ext/hibernate/javassist.jar:/home/prat0318/netbeans-7.3.1/java/modules/ext/hibernate/ejb3-persistence.jar" />
    <property name="libs.jaxws21.src" value="" />
    <property name="application.title" value="Example1" />
    <property name="do.archive" value="true" />
    <property name="netbeans.autoupdate.language" value="en" />
    <property name="java.vendor" value="Oracle Corporation" />
    <property name="sun.font.fontmanager" value="sun.awt.X11FontManager" />
    <property name="jar.index.metainf" value="false" />
    <property name="javac.debug" value="true" />
    <property name="javadoc.splitindex" value="true" />
    <property name="file.separator" value="/" />
    <property name="libs.junit_4.maven-pom" value="" />
    <property name="mkdist.disabled" value="false" />
    <property name="javac.test.processorpath" value="/Users/gnanda/batory-fop/P3/junit-4.10.jar:junit-4.10.jar:regressionTest.jar:build/classes:/home/prat0318/netbeans-7.3.1/platform/modules/ext/junit-4.10.jar:/home/prat0318/Downloads/regressionTest.jar:/Users/gnanda/batory-fop/P3/regressionTest.jar" />
    <property name="netbeans.buildnumber" value="201306052037" />
    <property name="libs.JWSAntTasks.javadoc" value="" />
    <property name="build.generated.sources.dir" value="build/generated-sources" />
    <property name="libs.eclipselinkmodelgen.classpath" value="/home/prat0318/netbeans-7.3.1/java/modules/ext/eclipselink/org.eclipse.persistence.jpa.modelgen_2.5.0.v20130507-3faac2b.jar" />
    <property name="sun.java.launcher" value="SUN_STANDARD" />
    <property name="libs.junit.classpath" value="/home/prat0318/netbeans-7.3.1/java/modules/ext/junit-3.8.2.jar" />
    <property name="libs.jaxb.javadoc" value="/home/prat0318/netbeans-7.3.1/ide/docs/jaxb-api-doc.zip" />
    <property name="ant.home" value="/home/prat0318/netbeans-7.3.1/java/ant" />
    <property name="libs.junit_4.src" value="/home/prat0318/netbeans-7.3.1/java/docs/junit-4.10-sources.jar" />
    <property name="libs.testng.classpath" value="/home/prat0318/netbeans-7.3.1/platform/modules/ext/testng-6.5.1-dist.jar" />
    <property name="libs.absolutelayout.maven-pom" value="" />
    <property name="ant.java.version" value="1.7" />
    <property name="java.library.path" value="/usr/lib/jvm/default-java/jre/lib/amd64:/usr/lib/jvm/default-java/jre/lib/i386::/usr/java/packages/lib/i386:/usr/lib/jni:/lib:/usr/lib" />
    <property name="javadoc.author" value="false" />
    <property name="manifest.available+main.class-mkdist.available" value="true" />
    <property name="java.util.logging.config.class" value="org.netbeans.core.startup.TopLogging" />
    <property name="libs.PostgreSQLDriver.src" value="" />
    <property name="file.reference.junit-4.10.jar" value="/Users/gnanda/batory-fop/P3/junit-4.10.jar" />
    <property name="sun.arch.data.model" value="32" />
    <property name="basedir" value="/home/prat0318/Documents/courses/FOP/fop/P4/q2/conf1" />
    <property name="libs.jpa20-persistence.maven-pom" value="" />
    <property name="jar.compress" value="false" />
    <property name="path.separator" value=":" />
    <property name="ant.junit.enabletestlistenerevents" value="true" />
    <property name="sun.io.unicode.encoding" value="UnicodeLittle" />
    <property name="libs.jaxws21.classpath" value="/home/prat0318/netbeans-7.3.1/ide/modules/ext/jaxb/jaxb-impl.jar:/home/prat0318/netbeans-7.3.1/ide/modules/ext/jaxb/jaxb-xjc.jar:/home/prat0318/netbeans-7.3.1/java/modules/ext/jaxws22/FastInfoset.jar:/home/prat0318/netbeans-7.3.1/java/modules/ext/jaxws22/gmbal-api-only.jar:/home/prat0318/netbeans-7.3.1/java/modules/ext/jaxws22/ha-api.jar:/home/prat0318/netbeans-7.3.1/java/modules/ext/jaxws22/javax.mail_1.4.jar:/home/prat0318/netbeans-7.3.1/java/modules/ext/jaxws22/jaxws-rt.jar:/home/prat0318/netbeans-7.3.1/java/modules/ext/jaxws22/jaxws-tools.jar:/home/prat0318/netbeans-7.3.1/java/modules/ext/jaxws22/management-api.jar:/home/prat0318/netbeans-7.3.1/java/modules/ext/jaxws22/mimepull.jar:/home/prat0318/netbeans-7.3.1/java/modules/ext/jaxws22/policy.jar:/home/prat0318/netbeans-7.3.1/java/modules/ext/jaxws22/saaj-impl.jar:/home/prat0318/netbeans-7.3.1/java/modules/ext/jaxws22/stax-ex.jar:/home/prat0318/netbeans-7.3.1/java/modules/ext/jaxws22/stax2-api.jar:/home/prat0318/netbeans-7.3.1/java/modules/ext/jaxws22/streambuffer.jar:/home/prat0318/netbeans-7.3.1/java/modules/ext/jaxws22/woodstox-core-asl.jar:/home/prat0318/netbeans-7.3.1/java/modules/ext/jaxws22/api/jaxws-api.jar:/home/prat0318/netbeans-7.3.1/java/modules/ext/jaxws22/api/jsr181-api.jar:/home/prat0318/netbeans-7.3.1/java/modules/ext/jaxws22/api/javax.annotation.jar:/home/prat0318/netbeans-7.3.1/java/modules/ext/jaxws22/api/saaj-api.jar:/home/prat0318/netbeans-7.3.1/ide/modules/ext/jaxb/activation.jar:/home/prat0318/netbeans-7.3.1/ide/modules/ext/jaxb/api/jaxb-api.jar:/home/prat0318/netbeans-7.3.1/ide/modules/ext/jaxb/api/jsr173_1.0_api.jar" />
    <property name="compile.on.save" value="true" />
    <property name="apple.awt.graphics.UseQuartz" value="true" />
    <property name="user.language" value="en" />
    <property name="testng.mode" value="testng" />
    <property name="libs.JAXB-ENDORSED.maven-pom" value="" />
    <property name="libs.spring-framework.classpath" value="/home/prat0318/netbeans-7.3.1/ide/modules/org-apache-commons-logging.jar:/home/prat0318/netbeans-7.3.1/java/modules/ext/cglib-2.2.jar:/home/prat0318/netbeans-7.3.1/java/modules/ext/spring/spring-2.5.6.SEC03.jar" />
    <property name="libs.eclipselink.maven-pom" value="" />
    <property name="ant.file.Example1-impl" value="/home/prat0318/Documents/courses/FOP/fop/P4/q2/conf1/nbproject/build-impl.xml" />
    <property name="application.vendor" value="dsb" />
    <property name="test.binaryincludes" value="&lt;nothing&gt;" />
    <property name="manifest.available" value="true" />
    <property name="libs.spring-framework300.maven-pom" value="" />
    <property name="run.test.classpath" value="/Users/gnanda/batory-fop/P3/junit-4.10.jar:junit-4.10.jar:regressionTest.jar:build/classes:/home/prat0318/netbeans-7.3.1/platform/modules/ext/junit-4.10.jar:/home/prat0318/Downloads/regressionTest.jar:/Users/gnanda/batory-fop/P3/regressionTest.jar:build/test/classes" />
    <property name="ant.project.invoked-targets" value="test" />
    <property name="test.binaryexcludes" value="" />
    <property name="libs.swing-layout.javadoc" value="/home/prat0318/netbeans-7.3.1/platform/docs/swing-layout-1.0.4-doc.zip" />
    <property name="sun.java2d.dpiaware" value="true" />
    <property name="libs.ejb3-persistence.maven-pom" value="" />
    <property name="libs.PostgreSQLDriver.maven-pom" value="" />
    <property name="java.class.version" value="51.0" />
    <property name="netbeans.system_http_proxy" value="DIRECT" />
    <property name="libs.eclipselink.javadoc" value="" />
    <property name="user.properties.file" value="/home/prat0318/.netbeans/7.3.1/build.properties" />
    <property name="runtime.encoding" value="UTF-8" />
    <property name="libs.spring-framework.src" value="" />
    <property name="libs.javac-api.maven-pom" value="" />
    <property name="file.encoding.pkg" value="sun.io" />
    <property name="sun.cpu.endian" value="little" />
    <property name="libs.JAXB-ENDORSED.javadoc" value="" />
    <property name="libs.JWSAntTasks.classpath" value="/home/prat0318/netbeans-7.3.1/java/ant/extra/org-netbeans-modules-javawebstart-anttasks.jar" />
    <property name="libs.spring-framework300.src" value="" />
    <property name="empty.dir" value="/home/prat0318/Documents/courses/FOP/fop/P4/q2/conf1/build/empty" />
    <property name="version-output" value="java version &quot;1.7" />
    <property name="test.binarytestincludes" value="" />
    <property name="javadoc.preview" value="true" />
    <property name="libs.jpa20-persistence.javadoc" value="" />
    <property name="java.home" value="/usr/lib/jvm/java-7-openjdk-i386/jre" />
    <property name="file.reference.regressionTest.jar" value="/Users/gnanda/batory-fop/P3/regressionTest.jar" />
    <property name="debug.test.classpath" value="/Users/gnanda/batory-fop/P3/junit-4.10.jar:junit-4.10.jar:regressionTest.jar:build/classes:/home/prat0318/netbeans-7.3.1/platform/modules/ext/junit-4.10.jar:/home/prat0318/Downloads/regressionTest.jar:/Users/gnanda/batory-fop/P3/regressionTest.jar:build/test/classes" />
    <property name="netbeans.importclass" value="org.netbeans.upgrade.AutoUpgrade" />
    <property name="ant.project.default-target" value="default" />
    <property name="annotation.processing.run.all.processors" value="true" />
    <property name="jar.archive.disabled" value="false" />
    <property name="jnlp.signing.alias" value="" />
    <property name="libs.PostgreSQLDriver.javadoc" value="" />
    <property name="libs.MySQLDriver.maven-pom" value="" />
    <property name="libs.junit_4.javadoc" value="/home/prat0318/netbeans-7.3.1/java/docs/junit-4.10-javadoc.jar" />
    <property name="run.classpath" value="/Users/gnanda/batory-fop/P3/junit-4.10.jar:junit-4.10.jar:regressionTest.jar:build/classes" />
    <property name="libs.hibernate-support.src" value="" />
    <property name="jna.boot.library.name" value="jnidispatch-340" />
    <property name="sun.awt.datatransfer.timeout" value="1000" />
    <property name="annotation.processing.enabled.in.editor" value="false" />
    <property name="nb.native.filechooser" value="false" />
    <property name="sun.management.compiler" value="HotSpot Tiered Compilers" />
    <property name="javac.deprecation" value="false" />
    <property name="javadoc.use" value="true" />
    <property name="sun.java2d.noddraw" value="true" />
    <property name="javac.processorpath" value="/Users/gnanda/batory-fop/P3/junit-4.10.jar:junit-4.10.jar:regressionTest.jar" />
    <property name="javac.compilerargs" value="" />
    <property name="ant.file" value="/home/prat0318/Documents/courses/FOP/fop/P4/q2/conf1/build.xml" />
    <property name="libs.beans-binding.maven-pom" value="" />
    <property name="jnlp.codebase.type" value="no.codebase" />
    <property name="libs.beans-binding.src" value="" />
    <property name="java.vm.specification.vendor" value="Oracle Corporation" />
    <property name="libs.swing-layout.src" value="/home/prat0318/netbeans-7.3.1/platform/docs/swing-layout-1.0.4-src.zip" />
    <property name="org.openide.major.version" value="IDE/1" />
    <property name="java.vm.name" value="OpenJDK Server VM" />
    <property name="ant.file.type.Example1-impl" value="file" />
    <property name="netbeans.user" value="/home/prat0318/.netbeans/7.3.1" />
    <property name="javadoc.additionalparam" value="" />
    <property name="jnlp.offline-allowed" value="false" />
    <property name="java.io.tmpdir" value="/tmp" />
    <property name="java.vendor.url" value="http://java.oracle.com/" />
    <property name="endorsed.classpath.cmd.line.arg" value="" />
    <property name="junit.available" value="true" />
    <property name="org.openide.awt.ActionReference.completion" value="org.netbeans.modules.apisupport.project.layers.PathCompletions" />
    <property name="sun.boot.library.path" value="/usr/lib/jvm/java-7-openjdk-i386/jre/lib/i386" />
    <property name="have.sources" value="true" />
    <property name="debug.classpath" value="/Users/gnanda/batory-fop/P3/junit-4.10.jar:junit-4.10.jar:regressionTest.jar:build/classes" />
    <property name="javadoc.private" value="false" />
    <property name="test.src.dir" value="test" />
    <property name="ap.processors.internal" value="" />
    <property name="meta.inf.dir" value="src/META-INF" />
    <property name="javadoc.encoding.used" value="UTF-8" />
    <property name="dist.jar" value="dist/Example1.jar" />
    <property name="java.runtime.name" value="OpenJDK Runtime Environment" />
    <property name="ant.project.name" value="Example1" />
    <property name="netbeans.hash.code" value="unique=NB_JAVA088672960-cca0-4136-94b4-f433eed9fe4a_f95e46dd-f620-4fe0-86f3-28a25a9df713" />
    <property name="netbeans.default_userdir_root" value="/home/prat0318/.netbeans" />
    <property name="manifest.available-mkdist.available" value="true" />
    <property name="sun.cpu.isalist" value="" />
    <property name="libs.CopyLibs.javadoc" value="" />
    <property name="org.openide.specification.version" value="6.2" />
    <property name="libs.hibernate-support.classpath" value="/home/prat0318/netbeans-7.3.1/java/modules/ext/hibernate/antlr-2.7.6.jar:/home/prat0318/netbeans-7.3.1/java/modules/ext/hibernate/asm.jar:/home/prat0318/netbeans-7.3.1/java/modules/ext/hibernate/asm-attrs.jar:/home/prat0318/netbeans-7.3.1/java/modules/ext/hibernate/cglib-2.1.3.jar:/home/prat0318/netbeans-7.3.1/java/modules/ext/hibernate/commons-collections-2.1.1.jar:/home/prat0318/netbeans-7.3.1/ide/modules/org-apache-commons-logging.jar:/home/prat0318/netbeans-7.3.1/java/modules/ext/hibernate/dom4j-1.6.1.jar:/home/prat0318/netbeans-7.3.1/java/modules/ext/hibernate/ehcache-1.2.3.jar:/home/prat0318/netbeans-7.3.1/java/modules/ext/hibernate/jdbc2_0-stdext.jar:/home/prat0318/netbeans-7.3.1/java/modules/ext/hibernate/jta.jar:/home/prat0318/netbeans-7.3.1/java/modules/ext/hibernate/hibernate3.jar:/home/prat0318/netbeans-7.3.1/java/modules/ext/hibernate/hibernate-tools.jar:/home/prat0318/netbeans-7.3.1/java/modules/ext/hibernate/hibernate-annotations.jar:/home/prat0318/netbeans-7.3.1/java/modules/ext/hibernate/hibernate-commons-annotations.jar:/home/prat0318/netbeans-7.3.1/java/modules/ext/hibernate/hibernate-entitymanager.jar:/home/prat0318/netbeans-7.3.1/java/modules/ext/hibernate/javassist.jar" />
    <property name="user.home" value="/home/prat0318" />
    <property name="annotation.processing.processors.list" value="" />
    <property name="debug-args-line" value="-Xdebug" />
    <property name="libs.JWSAntTasks.src" value="" />
    <property name="jar.index" value="false" />
    <property name="libs.CopyLibs.maven-pom" value="" />
    <property name="libs.spring-framework300.javadoc" value="" />
    <property name="libs.hibernate-persistence.maven-pom" value="" />
    <property name="libs.absolutelayout.javadoc" value="" />
    <property name="java.specification.name" value="Java Platform API Specification" />
    <property name="do.archive+main.class.available" value="true" />
    <property name="jnlp.mixed.code" value="default" />
    <property name="java.specification.vendor" value="Oracle Corporation" />
    <property name="libs.javac-api.classpath" value="/home/prat0318/netbeans-7.3.1/java/modules/ext/nb-javac-api.jar" />
    <property name="java.version" value="1.7.0_25" />
    <property name="run.jvmargs.ide" value="" />
    <property name="javadoc.version" value="false" />
    <property name="libs.MySQLDriver.javadoc" value="" />
    <property name="org.openide.version" value="deprecated" />
    <property name="source.encoding" value="UTF-8" />
    <property name="ap.cmd.line.internal" value="" />
    <property name="libs.eclipselinkmodelgen.maven-pom" value="" />
    <property name="libs.junit.maven-pom" value="" />
    <property name="libs.eclipselinkmodelgen.javadoc" value="" />
    <property name="netbeans.home+have.tests" value="true" />
    <property name="annotation.processing.processor.options" value="" />
    <property name="libs.testng.maven-pom" value="" />
    <property name="libs.jaxb.src" value="" />
    <property name="work.dir" value="/home/prat0318/Documents/courses/FOP/fop/P4/q2/conf1" />
    <property name="libs.jaxb.classpath" value="/home/prat0318/netbeans-7.3.1/ide/modules/ext/jaxb/jaxb-impl.jar:/home/prat0318/netbeans-7.3.1/ide/modules/ext/jaxb/jaxb-xjc.jar:/home/prat0318/netbeans-7.3.1/ide/modules/ext/jaxb/jaxb1-impl.jar:/home/prat0318/netbeans-7.3.1/ide/modules/ext/jaxb/activation.jar:/home/prat0318/netbeans-7.3.1/ide/modules/ext/jaxb/api/jaxb-api.jar:/home/prat0318/netbeans-7.3.1/ide/modules/ext/jaxb/api/jsr173_1.0_api.jar" />
    <property name="do.depend" value="false" />
    <property name="dist.javadoc.dir" value="dist/javadoc" />
    <property name="libs.swing-layout.classpath" value="/home/prat0318/netbeans-7.3.1/platform/modules/ext/swing-layout-1.0.4.jar" />
    <property name="file.reference.regressionTest.jar-1" value="regressionTest.jar" />
    <property name="build.generated.dir" value="build/generated" />
    <property name="javac.source" value="1.6" />
    <property name="libs.hibernate-persistence.src" value="" />
    <property name="line.separator" value="&#xa;" />
    <property name="java.specification.version" value="1.7" />
    <property name="libs.jaxws21.maven-pom" value="" />
    <property name="java.vm.info" value="mixed mode" />
    <property name="nb.junit.batch" value="true" />
    <property name="junit.forkmode" value="perTest" />
    <property name="libs.spring-framework.maven-pom" value="" />
    <property name="sun.boot.class.path" value="/usr/lib/jvm/java-7-openjdk-i386/jre/lib/resources.jar:/usr/lib/jvm/java-7-openjdk-i386/jre/lib/rt.jar:/usr/lib/jvm/java-7-openjdk-i386/jre/lib/sunrsasign.jar:/usr/lib/jvm/java-7-openjdk-i386/jre/lib/jsse.jar:/usr/lib/jvm/java-7-openjdk-i386/jre/lib/jce.jar:/usr/lib/jvm/java-7-openjdk-i386/jre/lib/charsets.jar:/usr/lib/jvm/java-7-openjdk-i386/jre/lib/netx.jar:/usr/lib/jvm/java-7-openjdk-i386/jre/lib/plugin.jar:/usr/lib/jvm/java-7-openjdk-i386/jre/lib/rhino.jar:/usr/lib/jvm/java-7-openjdk-i386/jre/lib/jfr.jar:/usr/lib/jvm/java-7-openjdk-i386/jre/classes" />
    <property name="javac.target" value="1.6" />
    <property name="built-jar.properties" value="/home/prat0318/Documents/courses/FOP/fop/P4/q2/conf1/build/built-jar.properties" />
    <property name="build.test.classes.dir" value="build/test/classes" />
    <property name="src.dir" value="src" />
    <property name="annotation.processing.enabled" value="true" />
    <property name="libs.jpa20-persistence.src" value="" />
    <property name="ignore.failing.tests" value="true" />
    <property name="dist.dir" value="dist" />
    <property name="do.archive+manifest.available+main.class" value="true" />
    <property name="testng.debug.mode" value="" />
    <property name="javac.fork" value="false" />
    <property name="java.awt.printerjob" value="sun.print.PSPrinterJob" />
    <property name="default.javac.source" value="1.7" />
    <property name="debug-transport-by-os" value="dt_socket" />
    <property name="libs.MySQLDriver.src" value="" />
    <property name="sun.jnu.encoding" value="UTF-8" />
    <property name="java.runtime.version" value="1.7.0_25-b30" />
    <property name="build.test.results.dir" value="build/test/results" />
    <property name="libs.ejb3-persistence.javadoc" value="" />
    <property name="manifest.available+main.class+mkdist.available" value="true" />
    <property name="jna.platform.library.path" value="/usr/lib/i386-linux-gnu:/lib/i386-linux-gnu:/usr/lib:/lib" />
    <property name="default.javac.target" value="1.7" />
    <property name="libs.junit_4.classpath" value="/home/prat0318/netbeans-7.3.1/platform/modules/ext/junit-4.10.jar" />
    <property name="user.timezone" value="" />
    <property name="nb.junit.single" value="false" />
    <property name="do.jar" value="true" />
    <property name="netbeans.dirs" value="/home/prat0318/netbeans-7.3.1/nb:/home/prat0318/netbeans-7.3.1/ergonomics:/home/prat0318/netbeans-7.3.1/ide:/home/prat0318/netbeans-7.3.1/java:/home/prat0318/netbeans-7.3.1/apisupport:/home/prat0318/netbeans-7.3.1/webcommon:/home/prat0318/netbeans-7.3.1/websvccommon:/home/prat0318/netbeans-7.3.1/enterprise:/home/prat0318/netbeans-7.3.1/mobility:/home/prat0318/netbeans-7.3.1/profiler:/home/prat0318/netbeans-7.3.1/python:/home/prat0318/netbeans-7.3.1/php:/home/prat0318/netbeans-7.3.1/identity:/home/prat0318/netbeans-7.3.1/harness:/home/prat0318/netbeans-7.3.1/cnd:/home/prat0318/netbeans-7.3.1/dlight:/home/prat0318/netbeans-7.3.1/groovy:/home/prat0318/netbeans-7.3.1/extra:/home/prat0318/netbeans-7.3.1/javacard:/home/prat0318/netbeans-7.3.1/javafx:" />
    <property name="java.ext.dirs" value="/usr/lib/jvm/java-7-openjdk-i386/jre/lib/ext:/usr/java/packages/lib/ext" />
    <property name="endorsed.classpath" value="" />
    <property name="libs.absolutelayout.classpath" value="/home/prat0318/netbeans-7.3.1/java/modules/ext/AbsoluteLayout.jar" />
    <property name="excludes" value="" />
    <property name="java.class.path" value="/home/prat0318/Documents/courses/FOP/fop/P4/q2/conf1/junit-4.10.jar:/home/prat0318/Documents/courses/FOP/fop/P4/q2/conf1/regressionTest.jar:/home/prat0318/Documents/courses/FOP/fop/P4/q2/conf1/build/classes:/home/prat0318/netbeans-7.3.1/platform/modules/ext/junit-4.10.jar:/home/prat0318/Documents/courses/FOP/fop/P4/q2/conf1/build/test/classes:/home/prat0318/netbeans-7.3.1/java/ant/lib/ant-launcher.jar:/home/prat0318/netbeans-7.3.1/java/ant/lib/ant.jar:/home/prat0318/netbeans-7.3.1/java/ant/lib/ant-junit.jar:/home/prat0318/netbeans-7.3.1/java/ant/lib/ant-junit4.jar" />
    <property name="apple.laf.useScreenMenuBar" value="true" />
    <property name="do.mkdist" value="true" />
    <property name="libs.absolutelayout.src" value="" />
    <property name="libs.jpa20-persistence.classpath" value="/home/prat0318/netbeans-7.3.1/java/modules/ext/eclipselink/javax.persistence_2.1.0.v201304241213.jar" />
    <property name="os.version" value="3.5.0-39-generic" />
    <property name="application.args" value="" />
    <property name="sun.awt.enableExtraMouseButtons" value="true" />
    <property name="main.class.available" value="true" />
    <property name="sun.desktop" value="gnome" />
    <property name="libs.JAXB-ENDORSED.classpath" value="/home/prat0318/netbeans-7.3.1/ide/modules/ext/jaxb/api/jaxb-api.jar" />
    <property name="libs.eclipselink.classpath" value="/home/prat0318/netbeans-7.3.1/java/modules/ext/eclipselink/eclipselink.jar:/home/prat0318/netbeans-7.3.1/java/modules/ext/eclipselink/javax.persistence_2.1.0.v201304241213.jar:/home/prat0318/netbeans-7.3.1/java/modules/ext/eclipselink/org.eclipse.persistence.jpa.jpql_2.5.0.v20130507-3faac2b.jar" />
    <property name="libs.beans-binding.javadoc" value="/home/prat0318/netbeans-7.3.1/java/docs/beansbinding-1.2.1-doc.zip" />
    <property name="java.awt.graphicsenv" value="sun.awt.X11GraphicsEnvironment" />
    <property name="java.vm.vendor" value="Oracle Corporation" />
    <property name="libs.CopyLibs.classpath" value="/home/prat0318/netbeans-7.3.1/java/ant/extra/org-netbeans-modules-java-j2seproject-copylibstask.jar" />
    <property name="libs.spring-framework300.classpath" value="/home/prat0318/netbeans-7.3.1/ide/modules/org-apache-commons-logging.jar:/home/prat0318/netbeans-7.3.1/java/modules/ext/cglib-2.2.jar:/home/prat0318/netbeans-7.3.1/java/modules/ext/spring-3.0/spring-aop-3.1.1.RELEASE.jar:/home/prat0318/netbeans-7.3.1/java/modules/ext/spring-3.0/spring-asm-3.1.1.RELEASE.jar:/home/prat0318/netbeans-7.3.1/java/modules/ext/spring-3.0/spring-aspects-3.1.1.RELEASE.jar:/home/prat0318/netbeans-7.3.1/java/modules/ext/spring-3.0/spring-beans-3.1.1.RELEASE.jar:/home/prat0318/netbeans-7.3.1/java/modules/ext/spring-3.0/spring-context-3.1.1.RELEASE.jar:/home/prat0318/netbeans-7.3.1/java/modules/ext/spring-3.0/spring-context-support-3.1.1.RELEASE.jar:/home/prat0318/netbeans-7.3.1/java/modules/ext/spring-3.0/spring-core-3.1.1.RELEASE.jar:/home/prat0318/netbeans-7.3.1/java/modules/ext/spring-3.0/spring-expression-3.1.1.RELEASE.jar:/home/prat0318/netbeans-7.3.1/java/modules/ext/spring-3.0/spring-instrument-3.1.1.RELEASE.jar:/home/prat0318/netbeans-7.3.1/java/modules/ext/spring-3.0/spring-instrument-tomcat-3.1.1.RELEASE.jar:/home/prat0318/netbeans-7.3.1/java/modules/ext/spring-3.0/spring-jdbc-3.1.1.RELEASE.jar:/home/prat0318/netbeans-7.3.1/java/modules/ext/spring-3.0/spring-jms-3.1.1.RELEASE.jar:/home/prat0318/netbeans-7.3.1/java/modules/ext/spring-3.0/spring-orm-3.1.1.RELEASE.jar:/home/prat0318/netbeans-7.3.1/java/modules/ext/spring-3.0/spring-oxm-3.1.1.RELEASE.jar:/home/prat0318/netbeans-7.3.1/java/modules/ext/spring-3.0/spring-test-3.1.1.RELEASE.jar:/home/prat0318/netbeans-7.3.1/java/modules/ext/spring-3.0/spring-tx-3.1.1.RELEASE.jar:/home/prat0318/netbeans-7.3.1/java/modules/ext/spring-3.0/spring-web-3.1.1.RELEASE.jar:/home/prat0318/netbeans-7.3.1/java/modules/ext/spring-3.0/spring-webmvc-portlet-3.1.1.RELEASE.jar:/home/prat0318/netbeans-7.3.1/java/modules/ext/spring-3.0/spring-webmvc-3.1.1.RELEASE.jar:/home/prat0318/netbeans-7.3.1/java/modules/ext/spring-3.0/spring-struts-3.1.1.RELEASE.jar" />
    <property name="run.jvmargs" value="" />
    <property name="libs.ejb3-persistence.classpath" value="/home/prat0318/netbeans-7.3.1/java/modules/ext/hibernate/ejb3-persistence.jar" />
    <property name="libs.JAXB-ENDORSED.src" value="" />
    <property name="libs.spring-framework.javadoc" value="" />
    <property name="libs.testng.javadoc" value="/home/prat0318/netbeans-7.3.1/platform/docs/testng-6.5.1-javadoc.zip" />
    <property name="libs.PostgreSQLDriver.classpath" value="/home/prat0318/netbeans-7.3.1/ide/modules/ext/postgresql-9.2-1002.jdbc4.jar" />
    <property name="ant.file.type.Example1" value="file" />
    <property name="jnlp.signing" value="" />
    <property name="libs.junit.src" value="" />
    <property name="annotation.processing.source.output" value="build/generated-sources/ap-source-output" />
    <property name="ant.file.Example1" value="/home/prat0318/Documents/courses/FOP/fop/P4/q2/conf1/build.xml" />
    <property name="jnlp.signed" value="false" />
    <property name="main.class" value="original.Main" />
    <property name="build.dir" value="build" />
    <property name="libs.CopyLibs.src" value="" />
    <property name="ant.version" value="Apache Ant(TM) version 1.8.4 compiled on May 22 2012" />
    <property name="file.encoding" value="UTF-8" />
    <property name="build.classes.excludes" value="**/*.java,**/*.form" />
    <property name="jdkBug6558476" value="false" />
    <property name="javadoc.nonavbar" value="false" />
    <property name="platform.active" value="default_platform" />
    <property name="awt.toolkit" value="sun.awt.X11.XToolkit" />
  </properties>
  <testcase classname="original.MainTest" name="testMainWArgs" time="0.01" />
  <testcase classname="original.MainTest" name="testMainNoArgs" time="0.001" />
  <system-out><![CDATA[]]></system-out>
  <system-err><![CDATA[]]></system-err>
</testsuite>
