<?xml version="1.0" encoding="UTF-8" ?>
<testsuite errors="0" failures="2" hostname="TACC-AirSpare02.local" name="original.MainTest" tests="2" time="0.078" timestamp="2013-09-22T06:03:17">
  <properties>
    <property name="netbeans.autoupdate.country" value="US" />
    <property name="javac.test.classpath" value="/Users/gnanda/batory-fop/P3/junit-4.10.jar:build/classes:${libs.junit_4.classpath}:/home/prat0318/Downloads/regressionTest.jar:/Users/gnanda/batory-fop/P3/regressionTest.jar" />
    <property name="ant.core.lib" value="/Applications/NetBeans/NetBeans 7.3.1.app/Contents/Resources/NetBeans/java/ant/lib/ant.jar" />
    <property name="javadoc.windowtitle" value="" />
    <property name="user.dir" value="/Users/gnanda/batory-fop/P3/fop/P3/Example1" />
    <property name="com.apple.mrj.application.apple.menu.about.name" value="NetBeans" />
    <property name="libs.hibernate-persistence.javadoc" value="" />
    <property name="java.vm.version" value="20.51-b01-457" />
    <property name="libs.MySQLDriver.classpath" value="/Applications/NetBeans/NetBeans 7.3.1.app/Contents/Resources/NetBeans/ide/modules/ext/mysql-connector-java-5.1.23-bin.jar" />
    <property name="libs.eclipselinkmodelgen.src" value="" />
    <property name="javadoc.notree" value="false" />
    <property name="netbeans.autoupdate.version" value="1.23" />
    <property name="libs.hibernate-support.maven-pom" value="" />
    <property name="libs.hibernate-support.javadoc" value="" />
    <property name="jdk.home" value="/System/Library/Java/JavaVirtualMachines/1.6.0.jdk/Contents/Home" />
    <property name="libs.javac-api.src" value="" />
    <property name="javadoc.noindex" value="false" />
    <property name="sun.os.patch.level" value="unknown" />
    <property name="do.archive+manifest.available" value="true" />
    <property name="java.vm.specification.name" value="Java Virtual Machine Specification" />
    <property name="nb.show.statistics.ui" value="usageStatisticsEnabled" />
    <property name="netbeans.autoupdate.variant" value="" />
    <property name="have.tests" value="true" />
    <property name="org.xml.sax.driver" value="com.sun.org.apache.xerces.internal.jaxp.SAXParserImpl$JAXPSAXParser" />
    <property name="libs.javac-api.javadoc" value="" />
    <property name="os.name" value="Mac OS X" />
    <property name="libs.beans-binding.classpath" value="/Applications/NetBeans/NetBeans 7.3.1.app/Contents/Resources/NetBeans/java/modules/ext/beansbinding-1.2.1.jar" />
    <property name="ap.proc.none.internal" value="" />
    <property name="mrj.version" value="1070.1.6.0_51-457" />
    <property name="libs.JWSAntTasks.maven-pom" value="" />
    <property name="jnlp.signing.keystore" value="" />
    <property name="libs.testng.src" value="" />
    <property name="file.reference.RegressionTest.jar" value="/home/prat0318/Downloads/regressionTest.jar" />
    <property name="java.vendor.url.bug" value="http://bugreport.apple.com/" />
    <property name="libs.jaxb.maven-pom" value="" />
    <property name="os.arch" value="x86_64" />
    <property name="libs.eclipselink.src" value="" />
    <property name="user.name" value="gnanda" />
    <property name="copylibs.rebase" value="true" />
    <property name="manifest.available+main.class" value="true" />
    <property name="libs.swing-layout.maven-pom" value="" />
    <property name="sun.java.command" value="org.apache.tools.ant.taskdefs.optional.junit.JUnitTestRunner original.MainTest filtertrace=true haltOnError=false haltOnFailure=false showoutput=true outputtoformatters=true logfailedtests=true logtestlistenerevents=true formatter=org.apache.tools.ant.taskdefs.optional.junit.BriefJUnitResultFormatter formatter=org.apache.tools.ant.taskdefs.optional.junit.XMLJUnitResultFormatter,/Users/gnanda/batory-fop/P3/fop/P3/Example1/build/test/results/TEST-original.MainTest.xml crashfile=/Users/gnanda/batory-fop/P3/fop/P3/Example1/build/junitvmwatcher2858412958631290029.properties propsfile=/Users/gnanda/batory-fop/P3/fop/P3/Example1/build/junit2554541404267650123.properties" />
    <property name="build.classes.dir" value="build/classes" />
    <property name="netbeans.accept_license_class" value="org.netbeans.license.AcceptLicense" />
    <property name="jnlp.descriptor" value="application" />
    <property name="build.sysclasspath" value="ignore" />
    <property name="ap.supported.internal" value="true" />
    <property name="libs.jaxws21.javadoc" value="/Applications/NetBeans/NetBeans 7.3.1.app/Contents/Resources/NetBeans/java/docs/jaxws-api-doc.zip" />
    <property name="includes" value="**" />
    <property name="user.country" value="US" />
    <property name="manifest.file" value="manifest.mf" />
    <property name="javadoc.encoding" value="UTF-8" />
    <property name="javac.classpath" value="/Users/gnanda/batory-fop/P3/junit-4.10.jar" />
    <property name="debug-transport" value="dt_socket" />
    <property name="netbeans.system_http_non_proxy_hosts" value="" />
    <property name="netbeans.home" value="/Applications/NetBeans/NetBeans 7.3.1.app/Contents/Resources/NetBeans/platform" />
    <property name="build.compiler.emacs" value="true" />
    <property name="libs.ejb3-persistence.src" value="" />
    <property name="java.endorsed.dirs" value="/System/Library/Java/JavaVirtualMachines/1.6.0.jdk/Contents/Home/lib/endorsed" />
    <property name="netbeans.dynamic.classpath" value="/Applications/NetBeans/NetBeans 7.3.1.app/Contents/Resources/NetBeans/platform/core/core.jar:/Applications/NetBeans/NetBeans 7.3.1.app/Contents/Resources/NetBeans/platform/core/org-openide-filesystems.jar:/Applications/NetBeans/NetBeans 7.3.1.app/Contents/Resources/NetBeans/platform/core/locale/core_ja.jar:/Applications/NetBeans/NetBeans 7.3.1.app/Contents/Resources/NetBeans/platform/core/locale/core_pt_BR.jar:/Applications/NetBeans/NetBeans 7.3.1.app/Contents/Resources/NetBeans/platform/core/locale/core_ru.jar:/Applications/NetBeans/NetBeans 7.3.1.app/Contents/Resources/NetBeans/platform/core/locale/core_zh_CN.jar:/Applications/NetBeans/NetBeans 7.3.1.app/Contents/Resources/NetBeans/platform/core/locale/org-openide-filesystems_ja.jar:/Applications/NetBeans/NetBeans 7.3.1.app/Contents/Resources/NetBeans/platform/core/locale/org-openide-filesystems_pt_BR.jar:/Applications/NetBeans/NetBeans 7.3.1.app/Contents/Resources/NetBeans/platform/core/locale/org-openide-filesystems_ru.jar:/Applications/NetBeans/NetBeans 7.3.1.app/Contents/Resources/NetBeans/platform/core/locale/org-openide-filesystems_zh_CN.jar:/Applications/NetBeans/NetBeans 7.3.1.app/Contents/Resources/NetBeans/nb/core/org-netbeans-upgrader.jar:/Applications/NetBeans/NetBeans 7.3.1.app/Contents/Resources/NetBeans/nb/core/locale/core_nb.jar:/Applications/NetBeans/NetBeans 7.3.1.app/Contents/Resources/NetBeans/nb/core/locale/org-netbeans-upgrader_ja.jar:/Applications/NetBeans/NetBeans 7.3.1.app/Contents/Resources/NetBeans/nb/core/locale/org-netbeans-upgrader_pt_BR.jar:/Applications/NetBeans/NetBeans 7.3.1.app/Contents/Resources/NetBeans/nb/core/locale/org-netbeans-upgrader_ru.jar:/Applications/NetBeans/NetBeans 7.3.1.app/Contents/Resources/NetBeans/nb/core/locale/org-netbeans-upgrader_zh_CN.jar" />
    <property name="jnlp.enabled" value="false" />
    <property name="java.vm.specification.version" value="1.0" />
    <property name="ftp.nonProxyHosts" value="local|*.local|169.254/16|*.169.254/16" />
    <property name="netbeans.productversion" value="NetBeans IDE 7.3.1 (Build 201306052037)" />
    <property name="libs.hibernate-persistence.classpath" value="/Applications/NetBeans/NetBeans 7.3.1.app/Contents/Resources/NetBeans/java/modules/ext/hibernate/antlr-2.7.6.jar:/Applications/NetBeans/NetBeans 7.3.1.app/Contents/Resources/NetBeans/java/modules/ext/hibernate/asm.jar:/Applications/NetBeans/NetBeans 7.3.1.app/Contents/Resources/NetBeans/java/modules/ext/hibernate/asm-attrs.jar:/Applications/NetBeans/NetBeans 7.3.1.app/Contents/Resources/NetBeans/java/modules/ext/hibernate/cglib-2.1.3.jar:/Applications/NetBeans/NetBeans 7.3.1.app/Contents/Resources/NetBeans/java/modules/ext/hibernate/commons-collections-2.1.1.jar:/Applications/NetBeans/NetBeans 7.3.1.app/Contents/Resources/NetBeans/ide/modules/org-apache-commons-logging.jar:/Applications/NetBeans/NetBeans 7.3.1.app/Contents/Resources/NetBeans/java/modules/ext/hibernate/dom4j-1.6.1.jar:/Applications/NetBeans/NetBeans 7.3.1.app/Contents/Resources/NetBeans/java/modules/ext/hibernate/ehcache-1.2.3.jar:/Applications/NetBeans/NetBeans 7.3.1.app/Contents/Resources/NetBeans/java/modules/ext/hibernate/jdbc2_0-stdext.jar:/Applications/NetBeans/NetBeans 7.3.1.app/Contents/Resources/NetBeans/java/modules/ext/hibernate/jta.jar:/Applications/NetBeans/NetBeans 7.3.1.app/Contents/Resources/NetBeans/java/modules/ext/hibernate/hibernate3.jar:/Applications/NetBeans/NetBeans 7.3.1.app/Contents/Resources/NetBeans/java/modules/ext/hibernate/hibernate-tools.jar:/Applications/NetBeans/NetBeans 7.3.1.app/Contents/Resources/NetBeans/java/modules/ext/hibernate/hibernate-annotations.jar:/Applications/NetBeans/NetBeans 7.3.1.app/Contents/Resources/NetBeans/java/modules/ext/hibernate/hibernate-commons-annotations.jar:/Applications/NetBeans/NetBeans 7.3.1.app/Contents/Resources/NetBeans/java/modules/ext/hibernate/hibernate-entitymanager.jar:/Applications/NetBeans/NetBeans 7.3.1.app/Contents/Resources/NetBeans/java/modules/ext/hibernate/javassist.jar:/Applications/NetBeans/NetBeans 7.3.1.app/Contents/Resources/NetBeans/java/modules/ext/hibernate/ejb3-persistence.jar" />
    <property name="libs.jaxws21.src" value="" />
    <property name="application.title" value="Example1" />
    <property name="do.archive" value="true" />
    <property name="netbeans.autoupdate.language" value="en" />
    <property name="java.vendor" value="Apple Inc." />
    <property name="jar.index.metainf" value="false" />
    <property name="javac.debug" value="true" />
    <property name="javadoc.splitindex" value="true" />
    <property name="file.separator" value="/" />
    <property name="mkdist.disabled" value="false" />
    <property name="javac.test.processorpath" value="/Users/gnanda/batory-fop/P3/junit-4.10.jar:build/classes:${libs.junit_4.classpath}:/home/prat0318/Downloads/regressionTest.jar:/Users/gnanda/batory-fop/P3/regressionTest.jar" />
    <property name="netbeans.buildnumber" value="201306052037" />
    <property name="libs.JWSAntTasks.javadoc" value="" />
    <property name="build.generated.sources.dir" value="build/generated-sources" />
    <property name="libs.eclipselinkmodelgen.classpath" value="/Applications/NetBeans/NetBeans 7.3.1.app/Contents/Resources/NetBeans/java/modules/ext/eclipselink/org.eclipse.persistence.jpa.modelgen_2.5.0.v20130507-3faac2b.jar" />
    <property name="sun.java.launcher" value="SUN_STANDARD" />
    <property name="libs.jaxb.javadoc" value="/Applications/NetBeans/NetBeans 7.3.1.app/Contents/Resources/NetBeans/ide/docs/jaxb-api-doc.zip" />
    <property name="org.openide.awt.SwingBrowserImpl.do-not-block-awt" value="false" />
    <property name="ant.home" value="/Applications/NetBeans/NetBeans 7.3.1.app/Contents/Resources/NetBeans/java/ant" />
    <property name="libs.testng.classpath" value="/Applications/NetBeans/NetBeans 7.3.1.app/Contents/Resources/NetBeans/platform/modules/ext/testng-6.5.1-dist.jar" />
    <property name="libs.absolutelayout.maven-pom" value="" />
    <property name="ant.java.version" value="1.6" />
    <property name="java.library.path" value=".:/Library/Java/Extensions:/System/Library/Java/Extensions:/usr/lib/java" />
    <property name="javadoc.author" value="false" />
    <property name="manifest.available+main.class-mkdist.available" value="true" />
    <property name="java.util.logging.config.class" value="org.netbeans.core.startup.TopLogging" />
    <property name="libs.PostgreSQLDriver.src" value="" />
    <property name="file.reference.junit-4.10.jar" value="/Users/gnanda/batory-fop/P3/junit-4.10.jar" />
    <property name="sun.arch.data.model" value="64" />
    <property name="basedir" value="/Users/gnanda/batory-fop/P3/fop/P3/Example1" />
    <property name="libs.jpa20-persistence.maven-pom" value="" />
    <property name="jar.compress" value="false" />
    <property name="path.separator" value=":" />
    <property name="ant.junit.enabletestlistenerevents" value="true" />
    <property name="sun.io.unicode.encoding" value="UnicodeLittle" />
    <property name="libs.jaxws21.classpath" value="/Applications/NetBeans/NetBeans 7.3.1.app/Contents/Resources/NetBeans/ide/modules/ext/jaxb/jaxb-impl.jar:/Applications/NetBeans/NetBeans 7.3.1.app/Contents/Resources/NetBeans/ide/modules/ext/jaxb/jaxb-xjc.jar:/Applications/NetBeans/NetBeans 7.3.1.app/Contents/Resources/NetBeans/java/modules/ext/jaxws22/FastInfoset.jar:/Applications/NetBeans/NetBeans 7.3.1.app/Contents/Resources/NetBeans/java/modules/ext/jaxws22/gmbal-api-only.jar:/Applications/NetBeans/NetBeans 7.3.1.app/Contents/Resources/NetBeans/java/modules/ext/jaxws22/ha-api.jar:/Applications/NetBeans/NetBeans 7.3.1.app/Contents/Resources/NetBeans/java/modules/ext/jaxws22/javax.mail_1.4.jar:/Applications/NetBeans/NetBeans 7.3.1.app/Contents/Resources/NetBeans/java/modules/ext/jaxws22/jaxws-rt.jar:/Applications/NetBeans/NetBeans 7.3.1.app/Contents/Resources/NetBeans/java/modules/ext/jaxws22/jaxws-tools.jar:/Applications/NetBeans/NetBeans 7.3.1.app/Contents/Resources/NetBeans/java/modules/ext/jaxws22/management-api.jar:/Applications/NetBeans/NetBeans 7.3.1.app/Contents/Resources/NetBeans/java/modules/ext/jaxws22/mimepull.jar:/Applications/NetBeans/NetBeans 7.3.1.app/Contents/Resources/NetBeans/java/modules/ext/jaxws22/policy.jar:/Applications/NetBeans/NetBeans 7.3.1.app/Contents/Resources/NetBeans/java/modules/ext/jaxws22/saaj-impl.jar:/Applications/NetBeans/NetBeans 7.3.1.app/Contents/Resources/NetBeans/java/modules/ext/jaxws22/stax-ex.jar:/Applications/NetBeans/NetBeans 7.3.1.app/Contents/Resources/NetBeans/java/modules/ext/jaxws22/stax2-api.jar:/Applications/NetBeans/NetBeans 7.3.1.app/Contents/Resources/NetBeans/java/modules/ext/jaxws22/streambuffer.jar:/Applications/NetBeans/NetBeans 7.3.1.app/Contents/Resources/NetBeans/java/modules/ext/jaxws22/woodstox-core-asl.jar:/Applications/NetBeans/NetBeans 7.3.1.app/Contents/Resources/NetBeans/java/modules/ext/jaxws22/api/jaxws-api.jar:/Applications/NetBeans/NetBeans 7.3.1.app/Contents/Resources/NetBeans/java/modules/ext/jaxws22/api/jsr181-api.jar:/Applications/NetBeans/NetBeans 7.3.1.app/Contents/Resources/NetBeans/java/modules/ext/jaxws22/api/javax.annotation.jar:/Applications/NetBeans/NetBeans 7.3.1.app/Contents/Resources/NetBeans/java/modules/ext/jaxws22/api/saaj-api.jar:/Applications/NetBeans/NetBeans 7.3.1.app/Contents/Resources/NetBeans/ide/modules/ext/jaxb/activation.jar:/Applications/NetBeans/NetBeans 7.3.1.app/Contents/Resources/NetBeans/ide/modules/ext/jaxb/api/jaxb-api.jar:/Applications/NetBeans/NetBeans 7.3.1.app/Contents/Resources/NetBeans/ide/modules/ext/jaxb/api/jsr173_1.0_api.jar" />
    <property name="compile.on.save" value="true" />
    <property name="apple.awt.graphics.UseQuartz" value="true" />
    <property name="user.language" value="en" />
    <property name="testng.mode" value="testng" />
    <property name="libs.JAXB-ENDORSED.maven-pom" value="" />
    <property name="libs.spring-framework.classpath" value="/Applications/NetBeans/NetBeans 7.3.1.app/Contents/Resources/NetBeans/ide/modules/org-apache-commons-logging.jar:/Applications/NetBeans/NetBeans 7.3.1.app/Contents/Resources/NetBeans/java/modules/ext/cglib-2.2.jar:/Applications/NetBeans/NetBeans 7.3.1.app/Contents/Resources/NetBeans/java/modules/ext/spring/spring-2.5.6.SEC03.jar" />
    <property name="libs.eclipselink.maven-pom" value="" />
    <property name="ant.file.Example1-impl" value="/Users/gnanda/batory-fop/P3/fop/P3/Example1/nbproject/build-impl.xml" />
    <property name="application.vendor" value="dsb" />
    <property name="test.binaryincludes" value="&lt;nothing&gt;" />
    <property name="manifest.available" value="true" />
    <property name="libs.spring-framework300.maven-pom" value="" />
    <property name="run.test.classpath" value="/Users/gnanda/batory-fop/P3/junit-4.10.jar:build/classes:${libs.junit_4.classpath}:/home/prat0318/Downloads/regressionTest.jar:/Users/gnanda/batory-fop/P3/regressionTest.jar:build/test/classes" />
    <property name="ant.project.invoked-targets" value="test" />
    <property name="test.binaryexcludes" value="" />
    <property name="libs.swing-layout.javadoc" value="/Applications/NetBeans/NetBeans 7.3.1.app/Contents/Resources/NetBeans/platform/docs/swing-layout-1.0.4-doc.zip" />
    <property name="sun.java2d.dpiaware" value="true" />
    <property name="libs.ejb3-persistence.maven-pom" value="" />
    <property name="gopherProxySet" value="false" />
    <property name="libs.PostgreSQLDriver.maven-pom" value="" />
    <property name="java.class.version" value="50.0" />
    <property name="netbeans.system_http_proxy" value="DIRECT" />
    <property name="libs.eclipselink.javadoc" value="" />
    <property name="user.properties.file" value="/Users/gnanda/Library/Application Support/NetBeans/7.3.1/build.properties" />
    <property name="runtime.encoding" value="UTF-8" />
    <property name="libs.spring-framework.src" value="" />
    <property name="libs.javac-api.maven-pom" value="" />
    <property name="file.encoding.pkg" value="sun.io" />
    <property name="sun.cpu.endian" value="little" />
    <property name="libs.JAXB-ENDORSED.javadoc" value="" />
    <property name="libs.JWSAntTasks.classpath" value="/Applications/NetBeans/NetBeans 7.3.1.app/Contents/Resources/NetBeans/java/ant/extra/org-netbeans-modules-javawebstart-anttasks.jar" />
    <property name="libs.spring-framework300.src" value="" />
    <property name="empty.dir" value="/Users/gnanda/batory-fop/P3/fop/P3/Example1/build/empty" />
    <property name="version-output" value="java version &quot;1.6" />
    <property name="test.binarytestincludes" value="" />
    <property name="javadoc.preview" value="true" />
    <property name="socksNonProxyHosts" value="local|*.local|169.254/16|*.169.254/16" />
    <property name="libs.jpa20-persistence.javadoc" value="" />
    <property name="java.home" value="/System/Library/Java/JavaVirtualMachines/1.6.0.jdk/Contents/Home" />
    <property name="file.reference.regressionTest.jar" value="/Users/gnanda/batory-fop/P3/regressionTest.jar" />
    <property name="debug.test.classpath" value="/Users/gnanda/batory-fop/P3/junit-4.10.jar:build/classes:${libs.junit_4.classpath}:/home/prat0318/Downloads/regressionTest.jar:/Users/gnanda/batory-fop/P3/regressionTest.jar:build/test/classes" />
    <property name="netbeans.importclass" value="org.netbeans.upgrade.AutoUpgrade" />
    <property name="ant.project.default-target" value="default" />
    <property name="annotation.processing.run.all.processors" value="true" />
    <property name="jar.archive.disabled" value="false" />
    <property name="jnlp.signing.alias" value="" />
    <property name="libs.PostgreSQLDriver.javadoc" value="" />
    <property name="libs.MySQLDriver.maven-pom" value="" />
    <property name="http.nonProxyHosts" value="local|*.local|169.254/16|*.169.254/16" />
    <property name="run.classpath" value="/Users/gnanda/batory-fop/P3/junit-4.10.jar:build/classes" />
    <property name="libs.hibernate-support.src" value="" />
    <property name="jna.boot.library.name" value="jnidispatch-340" />
    <property name="sun.awt.datatransfer.timeout" value="1000" />
    <property name="apple.awt.graphics.UseOpenGL" value="false" />
    <property name="annotation.processing.enabled.in.editor" value="false" />
    <property name="nb.native.filechooser" value="false" />
    <property name="sun.management.compiler" value="HotSpot 64-Bit Tiered Compilers" />
    <property name="javac.deprecation" value="false" />
    <property name="javadoc.use" value="true" />
    <property name="sun.java2d.noddraw" value="true" />
    <property name="javac.processorpath" value="/Users/gnanda/batory-fop/P3/junit-4.10.jar" />
    <property name="javac.compilerargs" value="" />
    <property name="ant.file" value="/Users/gnanda/batory-fop/P3/fop/P3/Example1/build.xml" />
    <property name="libs.beans-binding.maven-pom" value="" />
    <property name="jnlp.codebase.type" value="no.codebase" />
    <property name="sun.awt.exception.handler" value="apple.awt.CToolkit$EventQueueExceptionHandler" />
    <property name="libs.beans-binding.src" value="" />
    <property name="java.vm.specification.vendor" value="Sun Microsystems Inc." />
    <property name="libs.swing-layout.src" value="/Applications/NetBeans/NetBeans 7.3.1.app/Contents/Resources/NetBeans/platform/docs/swing-layout-1.0.4-src.zip" />
    <property name="org.openide.major.version" value="IDE/1" />
    <property name="java.vm.name" value="Java HotSpot(TM) 64-Bit Server VM" />
    <property name="ant.file.type.Example1-impl" value="file" />
    <property name="netbeans.user" value="/Users/gnanda/Library/Application Support/NetBeans/7.3.1" />
    <property name="javadoc.additionalparam" value="" />
    <property name="jnlp.offline-allowed" value="false" />
    <property name="java.io.tmpdir" value="/var/folders/3p/jx2xbbrj6k127kjzwgjtqg240000gp/T/" />
    <property name="java.vendor.url" value="http://www.apple.com/" />
    <property name="endorsed.classpath.cmd.line.arg" value="" />
    <property name="junit.available" value="true" />
    <property name="org.openide.awt.ActionReference.completion" value="org.netbeans.modules.apisupport.project.layers.PathCompletions" />
    <property name="mrj.build" value="11M4509" />
    <property name="sun.boot.library.path" value="/System/Library/Java/JavaVirtualMachines/1.6.0.jdk/Contents/Libraries" />
    <property name="have.sources" value="true" />
    <property name="debug.classpath" value="/Users/gnanda/batory-fop/P3/junit-4.10.jar:build/classes" />
    <property name="javadoc.private" value="false" />
    <property name="test.src.dir" value="test" />
    <property name="ap.processors.internal" value="" />
    <property name="meta.inf.dir" value="src/META-INF" />
    <property name="javadoc.encoding.used" value="UTF-8" />
    <property name="dist.jar" value="dist/Example1.jar" />
    <property name="java.runtime.name" value="Java(TM) SE Runtime Environment" />
    <property name="ant.project.name" value="Example1" />
    <property name="netbeans.hash.code" value="unique=NB_JAVA079ad02be-93b8-4cee-9698-aad0db1a2f66_2a6b865b-f73a-4f68-978d-70912db1959e" />
    <property name="netbeans.default_userdir_root" value="/Users/gnanda/Library/Application Support/NetBeans" />
    <property name="manifest.available-mkdist.available" value="true" />
    <property name="sun.cpu.isalist" value="" />
    <property name="libs.CopyLibs.javadoc" value="" />
    <property name="org.openide.specification.version" value="6.2" />
    <property name="libs.hibernate-support.classpath" value="/Applications/NetBeans/NetBeans 7.3.1.app/Contents/Resources/NetBeans/java/modules/ext/hibernate/antlr-2.7.6.jar:/Applications/NetBeans/NetBeans 7.3.1.app/Contents/Resources/NetBeans/java/modules/ext/hibernate/asm.jar:/Applications/NetBeans/NetBeans 7.3.1.app/Contents/Resources/NetBeans/java/modules/ext/hibernate/asm-attrs.jar:/Applications/NetBeans/NetBeans 7.3.1.app/Contents/Resources/NetBeans/java/modules/ext/hibernate/cglib-2.1.3.jar:/Applications/NetBeans/NetBeans 7.3.1.app/Contents/Resources/NetBeans/java/modules/ext/hibernate/commons-collections-2.1.1.jar:/Applications/NetBeans/NetBeans 7.3.1.app/Contents/Resources/NetBeans/ide/modules/org-apache-commons-logging.jar:/Applications/NetBeans/NetBeans 7.3.1.app/Contents/Resources/NetBeans/java/modules/ext/hibernate/dom4j-1.6.1.jar:/Applications/NetBeans/NetBeans 7.3.1.app/Contents/Resources/NetBeans/java/modules/ext/hibernate/ehcache-1.2.3.jar:/Applications/NetBeans/NetBeans 7.3.1.app/Contents/Resources/NetBeans/java/modules/ext/hibernate/jdbc2_0-stdext.jar:/Applications/NetBeans/NetBeans 7.3.1.app/Contents/Resources/NetBeans/java/modules/ext/hibernate/jta.jar:/Applications/NetBeans/NetBeans 7.3.1.app/Contents/Resources/NetBeans/java/modules/ext/hibernate/hibernate3.jar:/Applications/NetBeans/NetBeans 7.3.1.app/Contents/Resources/NetBeans/java/modules/ext/hibernate/hibernate-tools.jar:/Applications/NetBeans/NetBeans 7.3.1.app/Contents/Resources/NetBeans/java/modules/ext/hibernate/hibernate-annotations.jar:/Applications/NetBeans/NetBeans 7.3.1.app/Contents/Resources/NetBeans/java/modules/ext/hibernate/hibernate-commons-annotations.jar:/Applications/NetBeans/NetBeans 7.3.1.app/Contents/Resources/NetBeans/java/modules/ext/hibernate/hibernate-entitymanager.jar:/Applications/NetBeans/NetBeans 7.3.1.app/Contents/Resources/NetBeans/java/modules/ext/hibernate/javassist.jar" />
    <property name="user.home" value="/Users/gnanda" />
    <property name="annotation.processing.processors.list" value="" />
    <property name="debug-args-line" value="-Xdebug" />
    <property name="sun.zip.disableMemoryMapping" value="true" />
    <property name="libs.JWSAntTasks.src" value="" />
    <property name="jar.index" value="false" />
    <property name="libs.CopyLibs.maven-pom" value="" />
    <property name="libs.spring-framework300.javadoc" value="" />
    <property name="libs.hibernate-persistence.maven-pom" value="" />
    <property name="libs.absolutelayout.javadoc" value="" />
    <property name="java.specification.name" value="Java Platform API Specification" />
    <property name="do.archive+main.class.available" value="true" />
    <property name="jnlp.mixed.code" value="default" />
    <property name="java.specification.vendor" value="Sun Microsystems Inc." />
    <property name="libs.javac-api.classpath" value="/Applications/NetBeans/NetBeans 7.3.1.app/Contents/Resources/NetBeans/java/modules/ext/nb-javac-api.jar" />
    <property name="java.version" value="1.6.0_51" />
    <property name="run.jvmargs.ide" value="" />
    <property name="javadoc.version" value="false" />
    <property name="libs.MySQLDriver.javadoc" value="" />
    <property name="org.openide.version" value="deprecated" />
    <property name="source.encoding" value="UTF-8" />
    <property name="ap.cmd.line.internal" value="" />
    <property name="libs.eclipselinkmodelgen.maven-pom" value="" />
    <property name="awt.nativeDoubleBuffering" value="true" />
    <property name="libs.eclipselinkmodelgen.javadoc" value="" />
    <property name="netbeans.home+have.tests" value="true" />
    <property name="annotation.processing.processor.options" value="" />
    <property name="libs.testng.maven-pom" value="" />
    <property name="libs.jaxb.src" value="" />
    <property name="work.dir" value="/Users/gnanda/batory-fop/P3/fop/P3/Example1" />
    <property name="libs.jaxb.classpath" value="/Applications/NetBeans/NetBeans 7.3.1.app/Contents/Resources/NetBeans/ide/modules/ext/jaxb/jaxb-impl.jar:/Applications/NetBeans/NetBeans 7.3.1.app/Contents/Resources/NetBeans/ide/modules/ext/jaxb/jaxb-xjc.jar:/Applications/NetBeans/NetBeans 7.3.1.app/Contents/Resources/NetBeans/ide/modules/ext/jaxb/jaxb1-impl.jar:/Applications/NetBeans/NetBeans 7.3.1.app/Contents/Resources/NetBeans/ide/modules/ext/jaxb/activation.jar:/Applications/NetBeans/NetBeans 7.3.1.app/Contents/Resources/NetBeans/ide/modules/ext/jaxb/api/jaxb-api.jar:/Applications/NetBeans/NetBeans 7.3.1.app/Contents/Resources/NetBeans/ide/modules/ext/jaxb/api/jsr173_1.0_api.jar" />
    <property name="do.depend" value="false" />
    <property name="dist.javadoc.dir" value="dist/javadoc" />
    <property name="libs.swing-layout.classpath" value="/Applications/NetBeans/NetBeans 7.3.1.app/Contents/Resources/NetBeans/platform/modules/ext/swing-layout-1.0.4.jar" />
    <property name="build.generated.dir" value="build/generated" />
    <property name="javac.source" value="1.6" />
    <property name="libs.hibernate-persistence.src" value="" />
    <property name="line.separator" value="&#xa;" />
    <property name="java.specification.version" value="1.6" />
    <property name="libs.jaxws21.maven-pom" value="" />
    <property name="java.vm.info" value="mixed mode" />
    <property name="nb.junit.batch" value="true" />
    <property name="junit.forkmode" value="perTest" />
    <property name="libs.spring-framework.maven-pom" value="" />
    <property name="sun.boot.class.path" value="/System/Library/Java/JavaVirtualMachines/1.6.0.jdk/Contents/Classes/jsfd.jar:/System/Library/Java/JavaVirtualMachines/1.6.0.jdk/Contents/Classes/classes.jar:/System/Library/Frameworks/JavaVM.framework/Frameworks/JavaRuntimeSupport.framework/Resources/Java/JavaRuntimeSupport.jar:/System/Library/Java/JavaVirtualMachines/1.6.0.jdk/Contents/Classes/ui.jar:/System/Library/Java/JavaVirtualMachines/1.6.0.jdk/Contents/Classes/laf.jar:/System/Library/Java/JavaVirtualMachines/1.6.0.jdk/Contents/Classes/sunrsasign.jar:/System/Library/Java/JavaVirtualMachines/1.6.0.jdk/Contents/Classes/jsse.jar:/System/Library/Java/JavaVirtualMachines/1.6.0.jdk/Contents/Classes/jce.jar:/System/Library/Java/JavaVirtualMachines/1.6.0.jdk/Contents/Classes/charsets.jar" />
    <property name="javac.target" value="1.6" />
    <property name="built-jar.properties" value="/Users/gnanda/batory-fop/P3/fop/P3/Example1/build/built-jar.properties" />
    <property name="build.test.classes.dir" value="build/test/classes" />
    <property name="src.dir" value="src" />
    <property name="annotation.processing.enabled" value="true" />
    <property name="libs.jpa20-persistence.src" value="" />
    <property name="dist.dir" value="dist" />
    <property name="do.archive+manifest.available+main.class" value="true" />
    <property name="testng.debug.mode" value="" />
    <property name="javac.fork" value="false" />
    <property name="java.awt.printerjob" value="apple.awt.CPrinterJob" />
    <property name="default.javac.source" value="1.6" />
    <property name="debug-transport-by-os" value="dt_socket" />
    <property name="libs.MySQLDriver.src" value="" />
    <property name="sun.jnu.encoding" value="MacRoman" />
    <property name="java.runtime.version" value="1.6.0_51-b11-457-11M4509" />
    <property name="build.test.results.dir" value="build/test/results" />
    <property name="libs.ejb3-persistence.javadoc" value="" />
    <property name="manifest.available+main.class+mkdist.available" value="true" />
    <property name="jna.platform.library.path" value="/usr/lib:/usr/lib" />
    <property name="default.javac.target" value="1.6" />
    <property name="user.timezone" value="" />
    <property name="nb.junit.single" value="false" />
    <property name="do.jar" value="true" />
    <property name="netbeans.dirs" value="/Applications/NetBeans/NetBeans 7.3.1.app/Contents/Resources/NetBeans/nb:/Applications/NetBeans/NetBeans 7.3.1.app/Contents/Resources/NetBeans/ergonomics:/Applications/NetBeans/NetBeans 7.3.1.app/Contents/Resources/NetBeans/ide:/Applications/NetBeans/NetBeans 7.3.1.app/Contents/Resources/NetBeans/java:/Applications/NetBeans/NetBeans 7.3.1.app/Contents/Resources/NetBeans/apisupport:/Applications/NetBeans/NetBeans 7.3.1.app/Contents/Resources/NetBeans/webcommon:/Applications/NetBeans/NetBeans 7.3.1.app/Contents/Resources/NetBeans/websvccommon:/Applications/NetBeans/NetBeans 7.3.1.app/Contents/Resources/NetBeans/enterprise:/Applications/NetBeans/NetBeans 7.3.1.app/Contents/Resources/NetBeans/mobility:/Applications/NetBeans/NetBeans 7.3.1.app/Contents/Resources/NetBeans/profiler:/Applications/NetBeans/NetBeans 7.3.1.app/Contents/Resources/NetBeans/python:/Applications/NetBeans/NetBeans 7.3.1.app/Contents/Resources/NetBeans/php:/Applications/NetBeans/NetBeans 7.3.1.app/Contents/Resources/NetBeans/identity:/Applications/NetBeans/NetBeans 7.3.1.app/Contents/Resources/NetBeans/harness:/Applications/NetBeans/NetBeans 7.3.1.app/Contents/Resources/NetBeans/cnd:/Applications/NetBeans/NetBeans 7.3.1.app/Contents/Resources/NetBeans/dlight:/Applications/NetBeans/NetBeans 7.3.1.app/Contents/Resources/NetBeans/groovy:/Applications/NetBeans/NetBeans 7.3.1.app/Contents/Resources/NetBeans/extra:/Applications/NetBeans/NetBeans 7.3.1.app/Contents/Resources/NetBeans/javacard:/Applications/NetBeans/NetBeans 7.3.1.app/Contents/Resources/NetBeans/javafx:" />
    <property name="java.ext.dirs" value="/Library/Java/Extensions:/System/Library/Java/Extensions:/System/Library/Java/JavaVirtualMachines/1.6.0.jdk/Contents/Home/lib/ext" />
    <property name="endorsed.classpath" value="" />
    <property name="libs.absolutelayout.classpath" value="/Applications/NetBeans/NetBeans 7.3.1.app/Contents/Resources/NetBeans/java/modules/ext/AbsoluteLayout.jar" />
    <property name="excludes" value="" />
    <property name="java.class.path" value="/Users/gnanda/batory-fop/P3/junit-4.10.jar:/Users/gnanda/batory-fop/P3/fop/P3/Example1/build/classes:/Users/gnanda/batory-fop/P3/regressionTest.jar:/Users/gnanda/batory-fop/P3/fop/P3/Example1/build/test/classes:/Applications/NetBeans/NetBeans 7.3.1.app/Contents/Resources/NetBeans/java/ant/lib/ant-launcher.jar:/Applications/NetBeans/NetBeans 7.3.1.app/Contents/Resources/NetBeans/java/ant/lib/ant.jar:/Applications/NetBeans/NetBeans 7.3.1.app/Contents/Resources/NetBeans/java/ant/lib/ant-junit.jar:/Applications/NetBeans/NetBeans 7.3.1.app/Contents/Resources/NetBeans/java/ant/lib/ant-junit4.jar" />
    <property name="apple.laf.useScreenMenuBar" value="true" />
    <property name="do.mkdist" value="true" />
    <property name="libs.absolutelayout.src" value="" />
    <property name="libs.jpa20-persistence.classpath" value="/Applications/NetBeans/NetBeans 7.3.1.app/Contents/Resources/NetBeans/java/modules/ext/eclipselink/javax.persistence_2.1.0.v201304241213.jar" />
    <property name="os.version" value="10.8.4" />
    <property name="application.args" value="" />
    <property name="main.class.available" value="true" />
    <property name="libs.JAXB-ENDORSED.classpath" value="/Applications/NetBeans/NetBeans 7.3.1.app/Contents/Resources/NetBeans/ide/modules/ext/jaxb/api/jaxb-api.jar" />
    <property name="libs.eclipselink.classpath" value="/Applications/NetBeans/NetBeans 7.3.1.app/Contents/Resources/NetBeans/java/modules/ext/eclipselink/eclipselink.jar:/Applications/NetBeans/NetBeans 7.3.1.app/Contents/Resources/NetBeans/java/modules/ext/eclipselink/javax.persistence_2.1.0.v201304241213.jar:/Applications/NetBeans/NetBeans 7.3.1.app/Contents/Resources/NetBeans/java/modules/ext/eclipselink/org.eclipse.persistence.jpa.jpql_2.5.0.v20130507-3faac2b.jar" />
    <property name="java.awt.graphicsenv" value="apple.awt.CGraphicsEnvironment" />
    <property name="libs.beans-binding.javadoc" value="/Applications/NetBeans/NetBeans 7.3.1.app/Contents/Resources/NetBeans/java/docs/beansbinding-1.2.1-doc.zip" />
    <property name="java.vm.vendor" value="Apple Inc." />
    <property name="libs.CopyLibs.classpath" value="/Applications/NetBeans/NetBeans 7.3.1.app/Contents/Resources/NetBeans/java/ant/extra/org-netbeans-modules-java-j2seproject-copylibstask.jar" />
    <property name="libs.spring-framework300.classpath" value="/Applications/NetBeans/NetBeans 7.3.1.app/Contents/Resources/NetBeans/ide/modules/org-apache-commons-logging.jar:/Applications/NetBeans/NetBeans 7.3.1.app/Contents/Resources/NetBeans/java/modules/ext/cglib-2.2.jar:/Applications/NetBeans/NetBeans 7.3.1.app/Contents/Resources/NetBeans/java/modules/ext/spring-3.0/spring-aop-3.1.1.RELEASE.jar:/Applications/NetBeans/NetBeans 7.3.1.app/Contents/Resources/NetBeans/java/modules/ext/spring-3.0/spring-asm-3.1.1.RELEASE.jar:/Applications/NetBeans/NetBeans 7.3.1.app/Contents/Resources/NetBeans/java/modules/ext/spring-3.0/spring-aspects-3.1.1.RELEASE.jar:/Applications/NetBeans/NetBeans 7.3.1.app/Contents/Resources/NetBeans/java/modules/ext/spring-3.0/spring-beans-3.1.1.RELEASE.jar:/Applications/NetBeans/NetBeans 7.3.1.app/Contents/Resources/NetBeans/java/modules/ext/spring-3.0/spring-context-3.1.1.RELEASE.jar:/Applications/NetBeans/NetBeans 7.3.1.app/Contents/Resources/NetBeans/java/modules/ext/spring-3.0/spring-context-support-3.1.1.RELEASE.jar:/Applications/NetBeans/NetBeans 7.3.1.app/Contents/Resources/NetBeans/java/modules/ext/spring-3.0/spring-core-3.1.1.RELEASE.jar:/Applications/NetBeans/NetBeans 7.3.1.app/Contents/Resources/NetBeans/java/modules/ext/spring-3.0/spring-expression-3.1.1.RELEASE.jar:/Applications/NetBeans/NetBeans 7.3.1.app/Contents/Resources/NetBeans/java/modules/ext/spring-3.0/spring-instrument-3.1.1.RELEASE.jar:/Applications/NetBeans/NetBeans 7.3.1.app/Contents/Resources/NetBeans/java/modules/ext/spring-3.0/spring-instrument-tomcat-3.1.1.RELEASE.jar:/Applications/NetBeans/NetBeans 7.3.1.app/Contents/Resources/NetBeans/java/modules/ext/spring-3.0/spring-jdbc-3.1.1.RELEASE.jar:/Applications/NetBeans/NetBeans 7.3.1.app/Contents/Resources/NetBeans/java/modules/ext/spring-3.0/spring-jms-3.1.1.RELEASE.jar:/Applications/NetBeans/NetBeans 7.3.1.app/Contents/Resources/NetBeans/java/modules/ext/spring-3.0/spring-orm-3.1.1.RELEASE.jar:/Applications/NetBeans/NetBeans 7.3.1.app/Contents/Resources/NetBeans/java/modules/ext/spring-3.0/spring-oxm-3.1.1.RELEASE.jar:/Applications/NetBeans/NetBeans 7.3.1.app/Contents/Resources/NetBeans/java/modules/ext/spring-3.0/spring-test-3.1.1.RELEASE.jar:/Applications/NetBeans/NetBeans 7.3.1.app/Contents/Resources/NetBeans/java/modules/ext/spring-3.0/spring-tx-3.1.1.RELEASE.jar:/Applications/NetBeans/NetBeans 7.3.1.app/Contents/Resources/NetBeans/java/modules/ext/spring-3.0/spring-web-3.1.1.RELEASE.jar:/Applications/NetBeans/NetBeans 7.3.1.app/Contents/Resources/NetBeans/java/modules/ext/spring-3.0/spring-webmvc-portlet-3.1.1.RELEASE.jar:/Applications/NetBeans/NetBeans 7.3.1.app/Contents/Resources/NetBeans/java/modules/ext/spring-3.0/spring-webmvc-3.1.1.RELEASE.jar:/Applications/NetBeans/NetBeans 7.3.1.app/Contents/Resources/NetBeans/java/modules/ext/spring-3.0/spring-struts-3.1.1.RELEASE.jar" />
    <property name="run.jvmargs" value="" />
    <property name="libs.ejb3-persistence.classpath" value="/Applications/NetBeans/NetBeans 7.3.1.app/Contents/Resources/NetBeans/java/modules/ext/hibernate/ejb3-persistence.jar" />
    <property name="libs.JAXB-ENDORSED.src" value="" />
    <property name="libs.spring-framework.javadoc" value="" />
    <property name="libs.testng.javadoc" value="/Applications/NetBeans/NetBeans 7.3.1.app/Contents/Resources/NetBeans/platform/docs/testng-6.5.1-javadoc.zip" />
    <property name="libs.PostgreSQLDriver.classpath" value="/Applications/NetBeans/NetBeans 7.3.1.app/Contents/Resources/NetBeans/ide/modules/ext/postgresql-9.2-1002.jdbc4.jar" />
    <property name="ant.file.type.Example1" value="file" />
    <property name="jnlp.signing" value="" />
    <property name="ant.file.Example1" value="/Users/gnanda/batory-fop/P3/fop/P3/Example1/build.xml" />
    <property name="jnlp.signed" value="false" />
    <property name="annotation.processing.source.output" value="build/generated-sources/ap-source-output" />
    <property name="main.class" value="original.Main" />
    <property name="libs.CopyLibs.src" value="" />
    <property name="build.dir" value="build" />
    <property name="ant.version" value="Apache Ant(TM) version 1.8.4 compiled on May 22 2012" />
    <property name="file.encoding" value="MacRoman" />
    <property name="build.classes.excludes" value="**/*.java,**/*.form" />
    <property name="jdkBug6558476" value="false" />
    <property name="javadoc.nonavbar" value="false" />
    <property name="platform.active" value="default_platform" />
    <property name="awt.toolkit" value="apple.awt.CToolkit" />
  </properties>
  <testcase classname="original.MainTest" name="testMainNoArgs" time="0.015">
    <failure message="out.txt differs from correct/NoArgs.txt on line 1" type="junit.framework.AssertionFailedError">junit.framework.AssertionFailedError: out.txt differs from correct/NoArgs.txt on line 1
	at RegTest.Utility.compareFiles(Utility.java:74)
	at RegTest.Utility.validate(Utility.java:168)
	at original.MainTest.testMainNoArgs(MainTest.java:20)
</failure>
  </testcase>
  <testcase classname="original.MainTest" name="testMainWArgs" time="0.0050">
    <failure message="out.txt differs from correct/WArgs.txt on line 7" type="junit.framework.AssertionFailedError">junit.framework.AssertionFailedError: out.txt differs from correct/WArgs.txt on line 7
	at RegTest.Utility.compareFiles(Utility.java:74)
	at RegTest.Utility.validate(Utility.java:168)
	at original.MainTest.testMainWArgs(MainTest.java:28)
</failure>
  </testcase>
  <system-out><![CDATA[]]></system-out>
  <system-err><![CDATA[
>mylist{ // has 0 elements
>mylist{ // has 6 elements

>mylist{ // has 0 elements
>mylist{ // has 6 elements
]]></system-err>
</testsuite>
